{"D:\\learncoding\\typescript\\js-definitive\\test\\jest-intro\\isPalindrome.js": {"path":"D:\\learncoding\\typescript\\js-definitive\\test\\jest-intro\\isPalindrome.js","statementMap":{"0":{"start":{"line":2,"column":2},"end":{"line":5,"column":4}},"1":{"start":{"line":8,"column":0},"end":{"line":8,"column":30}}},"fnMap":{"0":{"name":"isPalindrome","decl":{"start":{"line":1,"column":9},"end":{"line":1,"column":21}},"loc":{"start":{"line":1,"column":28},"end":{"line":6,"column":1}},"line":1}},"branchMap":{},"s":{"0":2,"1":1},"f":{"0":2},"b":{},"_coverageSchema":"1a1c01bbd47fc00a2c39e90264f33305004495a9","hash":"c9226ef0e57ef04e0f3ce2c784531967cd2194ba"}
,"D:\\learncoding\\typescript\\js-definitive\\test\\jest-intro\\shallowObjClone.js": {"path":"D:\\learncoding\\typescript\\js-definitive\\test\\jest-intro\\shallowObjClone.js","statementMap":{"0":{"start":{"line":2,"column":2},"end":{"line":2,"column":20}},"1":{"start":{"line":5,"column":0},"end":{"line":5,"column":33}}},"fnMap":{"0":{"name":"shallowObjClone","decl":{"start":{"line":1,"column":9},"end":{"line":1,"column":24}},"loc":{"start":{"line":1,"column":30},"end":{"line":3,"column":1}},"line":1}},"branchMap":{},"s":{"0":1,"1":1},"f":{"0":1},"b":{},"_coverageSchema":"1a1c01bbd47fc00a2c39e90264f33305004495a9","hash":"d53f883275690474cebfb59a69334bc38aa66984"}
,"D:\\learncoding\\typescript\\js-definitive\\test\\jest-intro\\sum.js": {"path":"D:\\learncoding\\typescript\\js-definitive\\test\\jest-intro\\sum.js","statementMap":{"0":{"start":{"line":2,"column":2},"end":{"line":2,"column":15}},"1":{"start":{"line":5,"column":0},"end":{"line":5,"column":21}}},"fnMap":{"0":{"name":"sum","decl":{"start":{"line":1,"column":9},"end":{"line":1,"column":12}},"loc":{"start":{"line":1,"column":19},"end":{"line":3,"column":1}},"line":1}},"branchMap":{},"s":{"0":1,"1":1},"f":{"0":1},"b":{},"_coverageSchema":"1a1c01bbd47fc00a2c39e90264f33305004495a9","hash":"adb6defe808793e73e3db6f0963ce1b20e883345"}
}
